# JRE version: Java(TM) SE Runtime Environment (8.0_202-b08) (build 1.8.0_202-b08)
# Java VM: Java HotSpot(TM) 64-Bit Server VM (25.202-b08 mixed mode windows-amd64 compressed oops)
Heap:
 PSYoungGen      total 56320K, used 44487K [0x000000076bb80000, 0x000000076fe80000, 0x00000007c0000000)
  eden space 45056K, 84% used [0x000000076bb80000,0x000000076e0db170,0x000000076e780000)
  from space 11264K, 55% used [0x000000076f380000,0x000000076f996c30,0x000000076fe80000)
  to   space 11776K, 0% used [0x000000076e780000,0x000000076e780000,0x000000076f300000)
 ParOldGen       total 173568K, used 24107K [0x00000006c3200000, 0x00000006cdb80000, 0x000000076bb80000)
  object space 173568K, 13% used [0x00000006c3200000,0x00000006c498acc8,0x00000006cdb80000)
 Metaspace       used 16623K, capacity 16962K, committed 17280K, reserved 1064960K
  class space    used 1971K, capacity 2080K, committed 2176K, reserved 1048576K
GC Heap History (10 events):
Event: 13.717 GC heap before
{Heap before GC invocations=20 (full 0):
 PSYoungGen      total 56320K, used 55852K [0x000000076bb80000, 0x0000000770200000, 0x00000007c0000000)
  eden space 47616K, 99% used [0x000000076bb80000,0x000000076e9f1ff0,0x000000076ea00000)
  from space 8704K, 95% used [0x000000076eb00000,0x000000076f319040,0x000000076f380000)
  to   space 12288K, 0% used [0x000000076f600000,0x000000076f600000,0x0000000770200000)
 ParOldGen       total 173568K, used 24019K [0x00000006c3200000, 0x00000006cdb80000, 0x000000076bb80000)
  object space 173568K, 13% used [0x00000006c3200000,0x00000006c4974cc8,0x00000006cdb80000)
 Metaspace       used 16605K, capacity 16898K, committed 17280K, reserved 1064960K
  class space    used 1970K, capacity 2080K, committed 2176K, reserved 1048576K
Event: 13.719 GC heap after
Heap after GC invocations=20 (full 0):
 PSYoungGen      total 58880K, used 6203K [0x000000076bb80000, 0x0000000770180000, 0x00000007c0000000)
  eden space 47104K, 0% used [0x000000076bb80000,0x000000076bb80000,0x000000076e980000)
  from space 11776K, 52% used [0x000000076f600000,0x000000076fc0ec30,0x0000000770180000)
  to   space 12288K, 0% used [0x000000076e980000,0x000000076e980000,0x000000076f580000)
 ParOldGen       total 173568K, used 24043K [0x00000006c3200000, 0x00000006cdb80000, 0x000000076bb80000)
  object space 173568K, 13% used [0x00000006c3200000,0x00000006c497acc8,0x00000006cdb80000)
 Metaspace       used 16605K, capacity 16898K, committed 17280K, reserved 1064960K
  class space    used 1970K, capacity 2080K, committed 2176K, reserved 1048576K
}
Event: 14.086 GC heap before
{Heap before GC invocations=21 (full 0):
 PSYoungGen      total 58880K, used 51723K [0x000000076bb80000, 0x0000000770180000, 0x00000007c0000000)
  eden space 47104K, 96% used [0x000000076bb80000,0x000000076e7f4100,0x000000076e980000)
  from space 11776K, 52% used [0x000000076f600000,0x000000076fc0ec30,0x0000000770180000)
  to   space 12288K, 0% used [0x000000076e980000,0x000000076e980000,0x000000076f580000)
 ParOldGen       total 173568K, used 24043K [0x00000006c3200000, 0x00000006cdb80000, 0x000000076bb80000)
  object space 173568K, 13% used [0x00000006c3200000,0x00000006c497acc8,0x00000006cdb80000)
 Metaspace       used 16608K, capacity 16898K, committed 17280K, reserved 1064960K
  class space    used 1970K, capacity 2080K, committed 2176K, reserved 1048576K
Event: 14.088 GC heap after
Heap after GC invocations=21 (full 0):
 PSYoungGen      total 53248K, used 6235K [0x000000076bb80000, 0x0000000770100000, 0x00000007c0000000)
  eden space 46592K, 0% used [0x000000076bb80000,0x000000076bb80000,0x000000076e900000)
  from space 6656K, 93% used [0x000000076e980000,0x000000076ef96c30,0x000000076f000000)
  to   space 12288K, 0% used [0x000000076f500000,0x000000076f500000,0x0000000770100000)
 ParOldGen       total 173568K, used 24059K [0x00000006c3200000, 0x00000006cdb80000, 0x000000076bb80000)
  object space 173568K, 13% used [0x00000006c3200000,0x00000006c497ecc8,0x00000006cdb80000)
 Metaspace       used 16608K, capacity 16898K, committed 17280K, reserved 1064960K
  class space    used 1970K, capacity 2080K, committed 2176K, reserved 1048576K
}
Event: 14.454 GC heap before
{Heap before GC invocations=22 (full 0):
 PSYoungGen      total 53248K, used 51743K [0x000000076bb80000, 0x0000000770100000, 0x00000007c0000000)
  eden space 46592K, 97% used [0x000000076bb80000,0x000000076e7f1170,0x000000076e900000)
  from space 6656K, 93% used [0x000000076e980000,0x000000076ef96c30,0x000000076f000000)
  to   space 12288K, 0% used [0x000000076f500000,0x000000076f500000,0x0000000770100000)
 ParOldGen       total 173568K, used 24059K [0x00000006c3200000, 0x00000006cdb80000, 0x000000076bb80000)
  object space 173568K, 13% used [0x00000006c3200000,0x00000006c497ecc8,0x00000006cdb80000)
 Metaspace       used 16610K, capacity 16898K, committed 17280K, reserved 1064960K
  class space    used 1970K, capacity 2080K, committed 2176K, reserved 1048576K
Event: 14.455 GC heap after
Heap after GC invocations=22 (full 0):
 PSYoungGen      total 57856K, used 6203K [0x000000076bb80000, 0x0000000770080000, 0x00000007c0000000)
  eden space 46080K, 0% used [0x000000076bb80000,0x000000076bb80000,0x000000076e880000)
  from space 11776K, 52% used [0x000000076f500000,0x000000076fb0ec30,0x0000000770080000)
  to   space 12288K, 0% used [0x000000076e880000,0x000000076e880000,0x000000076f480000)
 ParOldGen       total 173568K, used 24075K [0x00000006c3200000, 0x00000006cdb80000, 0x000000076bb80000)
  object space 173568K, 13% used [0x00000006c3200000,0x00000006c4982cc8,0x00000006cdb80000)
 Metaspace       used 16610K, capacity 16898K, committed 17280K, reserved 1064960K
  class space    used 1970K, capacity 2080K, committed 2176K, reserved 1048576K
}
Event: 14.821 GC heap before
{Heap before GC invocations=23 (full 0):
 PSYoungGen      total 57856K, used 52163K [0x000000076bb80000, 0x0000000770080000, 0x00000007c0000000)
  eden space 46080K, 99% used [0x000000076bb80000,0x000000076e8622d8,0x000000076e880000)
  from space 11776K, 52% used [0x000000076f500000,0x000000076fb0ec30,0x0000000770080000)
  to   space 12288K, 0% used [0x000000076e880000,0x000000076e880000,0x000000076f480000)
 ParOldGen       total 173568K, used 24075K [0x00000006c3200000, 0x00000006cdb80000, 0x000000076bb80000)
  object space 173568K, 13% used [0x00000006c3200000,0x00000006c4982cc8,0x00000006cdb80000)
 Metaspace       used 16610K, capacity 16898K, committed 17280K, reserved 1064960K
  class space    used 1970K, capacity 2080K, committed 2176K, reserved 1048576K
Event: 14.822 GC heap after
Heap after GC invocations=23 (full 0):
 PSYoungGen      total 52224K, used 6235K [0x000000076bb80000, 0x000000076ff00000, 0x00000007c0000000)
  eden space 45568K, 0% used [0x000000076bb80000,0x000000076bb80000,0x000000076e800000)
  from space 6656K, 93% used [0x000000076e880000,0x000000076ee96c30,0x000000076ef00000)
  to   space 11776K, 0% used [0x000000076f380000,0x000000076f380000,0x000000076ff00000)
 ParOldGen       total 173568K, used 24083K [0x00000006c3200000, 0x00000006cdb80000, 0x000000076bb80000)
  object space 173568K, 13% used [0x00000006c3200000,0x00000006c4984cc8,0x00000006cdb80000)
 Metaspace       used 16610K, capacity 16898K, committed 17280K, reserved 1064960K
  class space    used 1970K, capacity 2080K, committed 2176K, reserved 1048576K
}
Event: 15.189 GC heap before
{Heap before GC invocations=24 (full 0):
 PSYoungGen      total 52224K, used 51722K [0x000000076bb80000, 0x000000076ff00000, 0x00000007c0000000)
  eden space 45568K, 99% used [0x000000076bb80000,0x000000076e7ebf28,0x000000076e800000)
  from space 6656K, 93% used [0x000000076e880000,0x000000076ee96c30,0x000000076ef00000)
  to   space 11776K, 0% used [0x000000076f380000,0x000000076f380000,0x000000076ff00000)
 ParOldGen       total 173568K, used 24083K [0x00000006c3200000, 0x00000006cdb80000, 0x000000076bb80000)
  object space 173568K, 13% used [0x00000006c3200000,0x00000006c4984cc8,0x00000006cdb80000)
 Metaspace       used 16618K, capacity 16898K, committed 17280K, reserved 1064960K
  class space    used 1970K, capacity 2080K, committed 2176K, reserved 1048576K
Event: 15.191 GC heap after
Heap after GC invocations=24 (full 0):
 PSYoungGen      total 56320K, used 6235K [0x000000076bb80000, 0x000000076fe80000, 0x00000007c0000000)
  eden space 45056K, 0% used [0x000000076bb80000,0x000000076bb80000,0x000000076e780000)
  from space 11264K, 55% used [0x000000076f380000,0x000000076f996c30,0x000000076fe80000)
  to   space 11776K, 0% used [0x000000076e780000,0x000000076e780000,0x000000076f300000)
 ParOldGen       total 173568K, used 24107K [0x00000006c3200000, 0x00000006cdb80000, 0x000000076bb80000)
  object space 173568K, 13% used [0x00000006c3200000,0x00000006c498acc8,0x00000006cdb80000)
 Metaspace       used 16618K, capacity 16898K, committed 17280K, reserved 1064960K
  class space    used 1970K, capacity 2080K, committed 2176K, reserved 1048576K
}

