# JRE version: Java(TM) SE Runtime Environment (8.0_202-b08) (build 1.8.0_202-b08)
# Java VM: Java HotSpot(TM) 64-Bit Server VM (25.202-b08 mixed mode windows-amd64 compressed oops)
Heap:
 PSYoungGen      total 44032K, used 40148K [0x000000076bb80000, 0x000000076ee80000, 0x00000007c0000000)
  eden space 36864K, 91% used [0x000000076bb80000,0x000000076dc864c8,0x000000076df80000)
  from space 7168K, 88% used [0x000000076e780000,0x000000076edaec30,0x000000076ee80000)
  to   space 7680K, 0% used [0x000000076df80000,0x000000076df80000,0x000000076e700000)
 ParOldGen       total 66560K, used 41431K [0x00000006c3200000, 0x00000006c7300000, 0x000000076bb80000)
  object space 66560K, 62% used [0x00000006c3200000,0x00000006c5a75e18,0x00000006c7300000)
 Metaspace       used 17195K, capacity 17570K, committed 17792K, reserved 1064960K
  class space    used 1970K, capacity 2086K, committed 2176K, reserved 1048576K
GC Heap History (10 events):
Event: 241.628 GC heap before
{Heap before GC invocations=830 (full 22):
 PSYoungGen      total 47104K, used 45681K [0x000000076bb80000, 0x000000076f200000, 0x00000007c0000000)
  eden space 39424K, 99% used [0x000000076bb80000,0x000000076e1dd890,0x000000076e200000)
  from space 7680K, 83% used [0x000000076e280000,0x000000076e8bec30,0x000000076ea00000)
  to   space 8192K, 0% used [0x000000076ea00000,0x000000076ea00000,0x000000076f200000)
 ParOldGen       total 66560K, used 41335K [0x00000006c3200000, 0x00000006c7300000, 0x000000076bb80000)
  object space 66560K, 62% used [0x00000006c3200000,0x00000006c5a5de18,0x00000006c7300000)
 Metaspace       used 17180K, capacity 17570K, committed 17792K, reserved 1064960K
  class space    used 1969K, capacity 2086K, committed 2176K, reserved 1048576K
Event: 241.629 GC heap after
Heap after GC invocations=830 (full 22):
 PSYoungGen      total 46592K, used 6235K [0x000000076bb80000, 0x000000076f180000, 0x00000007c0000000)
  eden space 38912K, 0% used [0x000000076bb80000,0x000000076bb80000,0x000000076e180000)
  from space 7680K, 81% used [0x000000076ea00000,0x000000076f016c30,0x000000076f180000)
  to   space 8192K, 0% used [0x000000076e180000,0x000000076e180000,0x000000076e980000)
 ParOldGen       total 66560K, used 41351K [0x00000006c3200000, 0x00000006c7300000, 0x000000076bb80000)
  object space 66560K, 62% used [0x00000006c3200000,0x00000006c5a61e18,0x00000006c7300000)
 Metaspace       used 17180K, capacity 17570K, committed 17792K, reserved 1064960K
  class space    used 1969K, capacity 2086K, committed 2176K, reserved 1048576K
}
Event: 241.932 GC heap before
{Heap before GC invocations=831 (full 22):
 PSYoungGen      total 46592K, used 43480K [0x000000076bb80000, 0x000000076f180000, 0x00000007c0000000)
  eden space 38912K, 95% used [0x000000076bb80000,0x000000076dfdf6c0,0x000000076e180000)
  from space 7680K, 81% used [0x000000076ea00000,0x000000076f016c30,0x000000076f180000)
  to   space 8192K, 0% used [0x000000076e180000,0x000000076e180000,0x000000076e980000)
 ParOldGen       total 66560K, used 41351K [0x00000006c3200000, 0x00000006c7300000, 0x000000076bb80000)
  object space 66560K, 62% used [0x00000006c3200000,0x00000006c5a61e18,0x00000006c7300000)
 Metaspace       used 17180K, capacity 17570K, committed 17792K, reserved 1064960K
  class space    used 1969K, capacity 2086K, committed 2176K, reserved 1048576K
Event: 241.933 GC heap after
Heap after GC invocations=831 (full 22):
 PSYoungGen      total 45056K, used 6235K [0x000000076bb80000, 0x000000076f000000, 0x00000007c0000000)
  eden space 38400K, 0% used [0x000000076bb80000,0x000000076bb80000,0x000000076e100000)
  from space 6656K, 93% used [0x000000076e180000,0x000000076e796c30,0x000000076e800000)
  to   space 7680K, 0% used [0x000000076e880000,0x000000076e880000,0x000000076f000000)
 ParOldGen       total 66560K, used 41367K [0x00000006c3200000, 0x00000006c7300000, 0x000000076bb80000)
  object space 66560K, 62% used [0x00000006c3200000,0x00000006c5a65e18,0x00000006c7300000)
 Metaspace       used 17180K, capacity 17570K, committed 17792K, reserved 1064960K
  class space    used 1969K, capacity 2086K, committed 2176K, reserved 1048576K
}
Event: 242.236 GC heap before
{Heap before GC invocations=832 (full 22):
 PSYoungGen      total 45056K, used 43502K [0x000000076bb80000, 0x000000076f000000, 0x00000007c0000000)
  eden space 38400K, 97% used [0x000000076bb80000,0x000000076dfe4ec0,0x000000076e100000)
  from space 6656K, 93% used [0x000000076e180000,0x000000076e796c30,0x000000076e800000)
  to   space 7680K, 0% used [0x000000076e880000,0x000000076e880000,0x000000076f000000)
 ParOldGen       total 66560K, used 41367K [0x00000006c3200000, 0x00000006c7300000, 0x000000076bb80000)
  object space 66560K, 62% used [0x00000006c3200000,0x00000006c5a65e18,0x00000006c7300000)
 Metaspace       used 17182K, capacity 17570K, committed 17792K, reserved 1064960K
  class space    used 1969K, capacity 2086K, committed 2176K, reserved 1048576K
Event: 242.237 GC heap after
Heap after GC invocations=832 (full 22):
 PSYoungGen      total 45056K, used 6235K [0x000000076bb80000, 0x000000076ef80000, 0x00000007c0000000)
  eden space 37888K, 0% used [0x000000076bb80000,0x000000076bb80000,0x000000076e080000)
  from space 7168K, 86% used [0x000000076e880000,0x000000076ee96c30,0x000000076ef80000)
  to   space 7680K, 0% used [0x000000076e080000,0x000000076e080000,0x000000076e800000)
 ParOldGen       total 66560K, used 41375K [0x00000006c3200000, 0x00000006c7300000, 0x000000076bb80000)
  object space 66560K, 62% used [0x00000006c3200000,0x00000006c5a67e18,0x00000006c7300000)
 Metaspace       used 17182K, capacity 17570K, committed 17792K, reserved 1064960K
  class space    used 1969K, capacity 2086K, committed 2176K, reserved 1048576K
}
Event: 242.539 GC heap before
{Heap before GC invocations=833 (full 22):
 PSYoungGen      total 45056K, used 43511K [0x000000076bb80000, 0x000000076ef80000, 0x00000007c0000000)
  eden space 37888K, 98% used [0x000000076bb80000,0x000000076dfe72d0,0x000000076e080000)
  from space 7168K, 86% used [0x000000076e880000,0x000000076ee96c30,0x000000076ef80000)
  to   space 7680K, 0% used [0x000000076e080000,0x000000076e080000,0x000000076e800000)
 ParOldGen       total 66560K, used 41375K [0x00000006c3200000, 0x00000006c7300000, 0x000000076bb80000)
  object space 66560K, 62% used [0x00000006c3200000,0x00000006c5a67e18,0x00000006c7300000)
 Metaspace       used 17185K, capacity 17570K, committed 17792K, reserved 1064960K
  class space    used 1969K, capacity 2086K, committed 2176K, reserved 1048576K
Event: 242.541 GC heap after
Heap after GC invocations=833 (full 22):
 PSYoungGen      total 44032K, used 6235K [0x000000076bb80000, 0x000000076ef00000, 0x00000007c0000000)
  eden space 37376K, 0% used [0x000000076bb80000,0x000000076bb80000,0x000000076e000000)
  from space 6656K, 93% used [0x000000076e080000,0x000000076e696c30,0x000000076e700000)
  to   space 7680K, 0% used [0x000000076e780000,0x000000076e780000,0x000000076ef00000)
 ParOldGen       total 66560K, used 41407K [0x00000006c3200000, 0x00000006c7300000, 0x000000076bb80000)
  object space 66560K, 62% used [0x00000006c3200000,0x00000006c5a6fe18,0x00000006c7300000)
 Metaspace       used 17185K, capacity 17570K, committed 17792K, reserved 1064960K
  class space    used 1969K, capacity 2086K, committed 2176K, reserved 1048576K
}
Event: 242.847 GC heap before
{Heap before GC invocations=834 (full 22):
 PSYoungGen      total 44032K, used 43478K [0x000000076bb80000, 0x000000076ef00000, 0x00000007c0000000)
  eden space 37376K, 99% used [0x000000076bb80000,0x000000076dfdeef0,0x000000076e000000)
  from space 6656K, 93% used [0x000000076e080000,0x000000076e696c30,0x000000076e700000)
  to   space 7680K, 0% used [0x000000076e780000,0x000000076e780000,0x000000076ef00000)
 ParOldGen       total 66560K, used 41407K [0x00000006c3200000, 0x00000006c7300000, 0x000000076bb80000)
  object space 66560K, 62% used [0x00000006c3200000,0x00000006c5a6fe18,0x00000006c7300000)
 Metaspace       used 17185K, capacity 17570K, committed 17792K, reserved 1064960K
  class space    used 1969K, capacity 2086K, committed 2176K, reserved 1048576K
Event: 242.849 GC heap after
Heap after GC invocations=834 (full 22):
 PSYoungGen      total 44032K, used 6331K [0x000000076bb80000, 0x000000076ee80000, 0x00000007c0000000)
  eden space 36864K, 0% used [0x000000076bb80000,0x000000076bb80000,0x000000076df80000)
  from space 7168K, 88% used [0x000000076e780000,0x000000076edaec30,0x000000076ee80000)
  to   space 7680K, 0% used [0x000000076df80000,0x000000076df80000,0x000000076e700000)
 ParOldGen       total 66560K, used 41431K [0x00000006c3200000, 0x00000006c7300000, 0x000000076bb80000)
  object space 66560K, 62% used [0x00000006c3200000,0x00000006c5a75e18,0x00000006c7300000)
 Metaspace       used 17185K, capacity 17570K, committed 17792K, reserved 1064960K
  class space    used 1969K, capacity 2086K, committed 2176K, reserved 1048576K
}

