# JRE version: Java(TM) SE Runtime Environment (8.0_202-b08) (build 1.8.0_202-b08)
# Java VM: Java HotSpot(TM) 64-Bit Server VM (25.202-b08 mixed mode windows-amd64 compressed oops)
Heap:
 PSYoungGen      total 41472K, used 11090K [0x000000076bb80000, 0x000000076eb80000, 0x00000007c0000000)
  eden space 34816K, 13% used [0x000000076bb80000,0x000000076c01de68,0x000000076dd80000)
  from space 6656K, 95% used [0x000000076de00000,0x000000076e436c30,0x000000076e480000)
  to   space 7168K, 0% used [0x000000076e480000,0x000000076e480000,0x000000076eb80000)
 ParOldGen       total 60416K, used 31130K [0x00000006c3200000, 0x00000006c6d00000, 0x000000076bb80000)
  object space 60416K, 51% used [0x00000006c3200000,0x00000006c5066bd8,0x00000006c6d00000)
 Metaspace       used 17403K, capacity 17698K, committed 18048K, reserved 1064960K
  class space    used 1975K, capacity 2086K, committed 2176K, reserved 1048576K
GC Heap History (10 events):
Event: 314.664 GC heap before
{Heap before GC invocations=1149 (full 36):
 PSYoungGen      total 44544K, used 43515K [0x000000076bb80000, 0x000000076ef00000, 0x00000007c0000000)
  eden space 37376K, 99% used [0x000000076bb80000,0x000000076dfe0198,0x000000076e000000)
  from space 7168K, 87% used [0x000000076e800000,0x000000076ee1ec30,0x000000076ef00000)
  to   space 7680K, 0% used [0x000000076e000000,0x000000076e000000,0x000000076e780000)
 ParOldGen       total 60416K, used 27024K [0x00000006c3200000, 0x00000006c6d00000, 0x000000076bb80000)
  object space 60416K, 44% used [0x00000006c3200000,0x00000006c4c643b8,0x00000006c6d00000)
 Metaspace       used 17398K, capacity 17698K, committed 18048K, reserved 1064960K
  class space    used 1975K, capacity 2086K, committed 2176K, reserved 1048576K
Event: 314.667 GC heap after
Heap after GC invocations=1149 (full 36):
 PSYoungGen      total 43520K, used 6299K [0x000000076bb80000, 0x000000076ed80000, 0x00000007c0000000)
  eden space 36864K, 0% used [0x000000076bb80000,0x000000076bb80000,0x000000076df80000)
  from space 6656K, 94% used [0x000000076e000000,0x000000076e626c30,0x000000076e680000)
  to   space 7168K, 0% used [0x000000076e680000,0x000000076e680000,0x000000076ed80000)
 ParOldGen       total 60416K, used 29057K [0x00000006c3200000, 0x00000006c6d00000, 0x000000076bb80000)
  object space 60416K, 48% used [0x00000006c3200000,0x00000006c4e607c8,0x00000006c6d00000)
 Metaspace       used 17398K, capacity 17698K, committed 18048K, reserved 1064960K
  class space    used 1975K, capacity 2086K, committed 2176K, reserved 1048576K
}
Event: 314.953 GC heap before
{Heap before GC invocations=1150 (full 36):
 PSYoungGen      total 43520K, used 41485K [0x000000076bb80000, 0x000000076ed80000, 0x00000007c0000000)
  eden space 36864K, 95% used [0x000000076bb80000,0x000000076dddcbc8,0x000000076df80000)
  from space 6656K, 94% used [0x000000076e000000,0x000000076e626c30,0x000000076e680000)
  to   space 7168K, 0% used [0x000000076e680000,0x000000076e680000,0x000000076ed80000)
 ParOldGen       total 60416K, used 29057K [0x00000006c3200000, 0x00000006c6d00000, 0x000000076bb80000)
  object space 60416K, 48% used [0x00000006c3200000,0x00000006c4e607c8,0x00000006c6d00000)
 Metaspace       used 17398K, capacity 17698K, committed 18048K, reserved 1064960K
  class space    used 1975K, capacity 2086K, committed 2176K, reserved 1048576K
Event: 314.954 GC heap after
Heap after GC invocations=1150 (full 36):
 PSYoungGen      total 43008K, used 6235K [0x000000076bb80000, 0x000000076ed00000, 0x00000007c0000000)
  eden space 36352K, 0% used [0x000000076bb80000,0x000000076bb80000,0x000000076df00000)
  from space 6656K, 93% used [0x000000076e680000,0x000000076ec96c30,0x000000076ed00000)
  to   space 7168K, 0% used [0x000000076df00000,0x000000076df00000,0x000000076e600000)
 ParOldGen       total 60416K, used 29065K [0x00000006c3200000, 0x00000006c6d00000, 0x000000076bb80000)
  object space 60416K, 48% used [0x00000006c3200000,0x00000006c4e627c8,0x00000006c6d00000)
 Metaspace       used 17398K, capacity 17698K, committed 18048K, reserved 1064960K
  class space    used 1975K, capacity 2086K, committed 2176K, reserved 1048576K
}
Event: 315.224 GC heap before
{Heap before GC invocations=1151 (full 36):
 PSYoungGen      total 43008K, used 41400K [0x000000076bb80000, 0x000000076ed00000, 0x00000007c0000000)
  eden space 36352K, 96% used [0x000000076bb80000,0x000000076ddd75e8,0x000000076df00000)
  from space 6656K, 93% used [0x000000076e680000,0x000000076ec96c30,0x000000076ed00000)
  to   space 7168K, 0% used [0x000000076df00000,0x000000076df00000,0x000000076e600000)
 ParOldGen       total 60416K, used 29065K [0x00000006c3200000, 0x00000006c6d00000, 0x000000076bb80000)
  object space 60416K, 48% used [0x00000006c3200000,0x00000006c4e627c8,0x00000006c6d00000)
 Metaspace       used 17398K, capacity 17698K, committed 18048K, reserved 1064960K
  class space    used 1975K, capacity 2086K, committed 2176K, reserved 1048576K
Event: 315.226 GC heap after
Heap after GC invocations=1151 (full 36):
 PSYoungGen      total 42496K, used 6299K [0x000000076bb80000, 0x000000076ec80000, 0x00000007c0000000)
  eden space 35840K, 0% used [0x000000076bb80000,0x000000076bb80000,0x000000076de80000)
  from space 6656K, 94% used [0x000000076df00000,0x000000076e526c30,0x000000076e580000)
  to   space 7168K, 0% used [0x000000076e580000,0x000000076e580000,0x000000076ec80000)
 ParOldGen       total 60416K, used 31114K [0x00000006c3200000, 0x00000006c6d00000, 0x000000076bb80000)
  object space 60416K, 51% used [0x00000006c3200000,0x00000006c5062bd8,0x00000006c6d00000)
 Metaspace       used 17398K, capacity 17698K, committed 18048K, reserved 1064960K
  class space    used 1975K, capacity 2086K, committed 2176K, reserved 1048576K
}
Event: 315.529 GC heap before
{Heap before GC invocations=1152 (full 36):
 PSYoungGen      total 42496K, used 41459K [0x000000076bb80000, 0x000000076ec80000, 0x00000007c0000000)
  eden space 35840K, 98% used [0x000000076bb80000,0x000000076ddd60f0,0x000000076de80000)
  from space 6656K, 94% used [0x000000076df00000,0x000000076e526c30,0x000000076e580000)
  to   space 7168K, 0% used [0x000000076e580000,0x000000076e580000,0x000000076ec80000)
 ParOldGen       total 60416K, used 31114K [0x00000006c3200000, 0x00000006c6d00000, 0x000000076bb80000)
  object space 60416K, 51% used [0x00000006c3200000,0x00000006c5062bd8,0x00000006c6d00000)
 Metaspace       used 17398K, capacity 17698K, committed 18048K, reserved 1064960K
  class space    used 1975K, capacity 2086K, committed 2176K, reserved 1048576K
Event: 315.531 GC heap after
Heap after GC invocations=1152 (full 36):
 PSYoungGen      total 41984K, used 6235K [0x000000076bb80000, 0x000000076ec00000, 0x00000007c0000000)
  eden space 35328K, 0% used [0x000000076bb80000,0x000000076bb80000,0x000000076de00000)
  from space 6656K, 93% used [0x000000076e580000,0x000000076eb96c30,0x000000076ec00000)
  to   space 7168K, 0% used [0x000000076de00000,0x000000076de00000,0x000000076e500000)
 ParOldGen       total 60416K, used 31122K [0x00000006c3200000, 0x00000006c6d00000, 0x000000076bb80000)
  object space 60416K, 51% used [0x00000006c3200000,0x00000006c5064bd8,0x00000006c6d00000)
 Metaspace       used 17398K, capacity 17698K, committed 18048K, reserved 1064960K
  class space    used 1975K, capacity 2086K, committed 2176K, reserved 1048576K
}
Event: 315.801 GC heap before
{Heap before GC invocations=1153 (full 36):
 PSYoungGen      total 41984K, used 39706K [0x000000076bb80000, 0x000000076ec00000, 0x00000007c0000000)
  eden space 35328K, 94% used [0x000000076bb80000,0x000000076dc2fc80,0x000000076de00000)
  from space 6656K, 93% used [0x000000076e580000,0x000000076eb96c30,0x000000076ec00000)
  to   space 7168K, 0% used [0x000000076de00000,0x000000076de00000,0x000000076e500000)
 ParOldGen       total 60416K, used 31122K [0x00000006c3200000, 0x00000006c6d00000, 0x000000076bb80000)
  object space 60416K, 51% used [0x00000006c3200000,0x00000006c5064bd8,0x00000006c6d00000)
 Metaspace       used 17403K, capacity 17698K, committed 18048K, reserved 1064960K
  class space    used 1975K, capacity 2086K, committed 2176K, reserved 1048576K
Event: 315.803 GC heap after
Heap after GC invocations=1153 (full 36):
 PSYoungGen      total 41472K, used 6363K [0x000000076bb80000, 0x000000076eb80000, 0x00000007c0000000)
  eden space 34816K, 0% used [0x000000076bb80000,0x000000076bb80000,0x000000076dd80000)
  from space 6656K, 95% used [0x000000076de00000,0x000000076e436c30,0x000000076e480000)
  to   space 7168K, 0% used [0x000000076e480000,0x000000076e480000,0x000000076eb80000)
 ParOldGen       total 60416K, used 31130K [0x00000006c3200000, 0x00000006c6d00000, 0x000000076bb80000)
  object space 60416K, 51% used [0x00000006c3200000,0x00000006c5066bd8,0x00000006c6d00000)
 Metaspace       used 17403K, capacity 17698K, committed 18048K, reserved 1064960K
  class space    used 1975K, capacity 2086K, committed 2176K, reserved 1048576K
}

